0 info it worked if it ends with ok
1 verbose cli [ '/usr/bin/nodejs', '/usr/bin/npm', 'install', 'vunit.js' ]
2 info using npm@1.3.10
3 info using node@v0.10.25
4 verbose cache add [ 'vunit.js', null ]
5 verbose cache add name=undefined spec="vunit.js" args=["vunit.js",null]
6 verbose parsed url { protocol: null,
6 verbose parsed url   slashes: null,
6 verbose parsed url   auth: null,
6 verbose parsed url   host: null,
6 verbose parsed url   port: null,
6 verbose parsed url   hostname: null,
6 verbose parsed url   hash: null,
6 verbose parsed url   search: null,
6 verbose parsed url   query: null,
6 verbose parsed url   pathname: 'vunit.js',
6 verbose parsed url   path: 'vunit.js',
6 verbose parsed url   href: 'vunit.js' }
7 silly lockFile 71aef603-vunit-js vunit.js
8 verbose lock vunit.js /home/victor/.npm/71aef603-vunit-js.lock
9 silly lockFile 71aef603-vunit-js vunit.js
10 silly lockFile 71aef603-vunit-js vunit.js
11 verbose addNamed [ 'vunit.js', '' ]
12 verbose addNamed [ null, '*' ]
13 silly lockFile e0b1e970-vunit-js vunit.js@
14 verbose lock vunit.js@ /home/victor/.npm/e0b1e970-vunit-js.lock
15 silly addNameRange { name: 'vunit.js', range: '*', hasData: false }
16 verbose url raw vunit.js
17 verbose url resolving [ 'https://registry.npmjs.org/', './vunit.js' ]
18 verbose url resolved https://registry.npmjs.org/vunit.js
19 info trying registry request attempt 1 at 18:57:09
20 http GET https://registry.npmjs.org/vunit.js
21 http 200 https://registry.npmjs.org/vunit.js
22 silly registry.get cb [ 200,
22 silly registry.get   { server: 'CouchDB/1.5.0 (Erlang OTP/R16B03)',
22 silly registry.get     etag: '"6QGQEBRT500VZ7S6QX0T2RH5T"',
22 silly registry.get     'content-type': 'application/json',
22 silly registry.get     'cache-control': 'max-age=60',
22 silly registry.get     'content-length': '5801',
22 silly registry.get     'accept-ranges': 'bytes',
22 silly registry.get     date: 'Sat, 14 Nov 2015 15:57:11 GMT',
22 silly registry.get     via: '1.1 varnish',
22 silly registry.get     age: '0',
22 silly registry.get     connection: 'keep-alive',
22 silly registry.get     'x-served-by': 'cache-lhr6328-LHR',
22 silly registry.get     'x-cache': 'MISS',
22 silly registry.get     'x-cache-hits': '0',
22 silly registry.get     'x-timer': 'S1447516630.847972,VS0,VE622',
22 silly registry.get     vary: 'Accept' } ]
23 silly addNameRange number 2 { name: 'vunit.js', range: '*', hasData: true }
24 silly addNameRange versions [ 'vunit.js', [ '0.2.0' ] ]
25 verbose addNamed [ 'vunit.js', '0.2.0' ]
26 verbose addNamed [ '0.2.0', '0.2.0' ]
27 silly lockFile 51a27a3b-vunit-js-0-2-0 vunit.js@0.2.0
28 verbose lock vunit.js@0.2.0 /home/victor/.npm/51a27a3b-vunit-js-0-2-0.lock
29 silly lockFile c118657c--org-vunit-js-vunit-js-0-2-0-tgz https://registry.npmjs.org/vunit.js/-/vunit.js-0.2.0.tgz
30 verbose lock https://registry.npmjs.org/vunit.js/-/vunit.js-0.2.0.tgz /home/victor/.npm/c118657c--org-vunit-js-vunit-js-0-2-0-tgz.lock
31 verbose addRemoteTarball [ 'https://registry.npmjs.org/vunit.js/-/vunit.js-0.2.0.tgz',
31 verbose addRemoteTarball   '2c050edb35e90af887deacf5991c293eb008b87a' ]
32 silly lockFile c118657c--org-vunit-js-vunit-js-0-2-0-tgz https://registry.npmjs.org/vunit.js/-/vunit.js-0.2.0.tgz
33 silly lockFile c118657c--org-vunit-js-vunit-js-0-2-0-tgz https://registry.npmjs.org/vunit.js/-/vunit.js-0.2.0.tgz
34 silly lockFile 51a27a3b-vunit-js-0-2-0 vunit.js@0.2.0
35 silly lockFile 51a27a3b-vunit-js-0-2-0 vunit.js@0.2.0
36 silly lockFile e0b1e970-vunit-js vunit.js@
37 silly lockFile e0b1e970-vunit-js vunit.js@
38 error Error: EACCES, mkdir '/home/victor/tmp/npm-32186-LB8BtXIX'
38 error  { [Error: EACCES, mkdir '/home/victor/tmp/npm-32186-LB8BtXIX']
38 error   errno: 3,
38 error   code: 'EACCES',
38 error   path: '/home/victor/tmp/npm-32186-LB8BtXIX' }
39 error Please try running this command again as root/Administrator.
40 error System Linux 3.19.0-33-generic
41 error command "/usr/bin/nodejs" "/usr/bin/npm" "install" "vunit.js"
42 error cwd /home/victor/Desktop/my_new_projects/ByTheHils
43 error node -v v0.10.25
44 error npm -v 1.3.10
45 error path /home/victor/tmp/npm-32186-LB8BtXIX
46 error code EACCES
47 error errno 3
48 error stack Error: EACCES, mkdir '/home/victor/tmp/npm-32186-LB8BtXIX'
49 verbose exit [ 3, true ]
